<?xml version="1.0" encoding="UTF-8" ?>
<testsuite tests="32" failures="0" name="TestCalculator" time="0.016" errors="0" skipped="0">
  <properties>
[...]
</properties>
  <testcase classname="TestCalculator" name="testAdditionPositives" time="0"/>
  <testcase classname="TestCalculator" name="testOverflowHandlingMultiplication" time="0"/>
  <testcase classname="TestCalculator" name="testMultiplicationLargeNumbers" time="0"/>
  <testcase classname="TestCalculator" name="testDivisionNegativePositive" time="0"/>
  <testcase classname="TestCalculator" name="testMultiplicationWithZero" time="0"/>
  <testcase classname="TestCalculator" name="testAdditionRounding" time="0"/>
  <testcase classname="TestCalculator" name="testMultiplicationPositiveNegative" time="0"/>
  <testcase classname="TestCalculator" name="testAdditionNegativePositive" time="0"/>
  <testcase classname="TestCalculator" name="testDivisionPointNumbers" time="0"/>
  <testcase classname="TestCalculator" name="testDivisionMorePointNumbers" time="0"/>
  <testcase classname="TestCalculator" name="testDivisionByZeroNotRaised" time="0"/>
  <testcase classname="TestCalculator" name="testAdditionNegatives" time="0"/>
  <testcase classname="TestCalculator" name="testMultiplicationRounding" time="0"/>
  <testcase classname="TestCalculator" name="testDivisionPositiveNegative" time="0"/>
  <testcase classname="TestCalculator" name="testSubtractionRounding" time="0"/>
  <testcase classname="TestCalculator" name="testSubtractionPositives" time="0"/>
  <testcase classname="TestCalculator" name="testAdditionPositiveNegative" time="0"/>
  <testcase classname="TestCalculator" name="testOverflowHandlingSubtraction" time="0"/>
  <testcase classname="TestCalculator" name="testSubtractionNegativePositive" time="0"/>
  <testcase classname="TestCalculator" name="testSubtractionZero" time="0"/>
  <testcase classname="TestCalculator" name="testAdditionZero" time="0"/>
  <testcase classname="TestCalculator" name="testAdditionLargeNumbers" time="0"/>
  <testcase classname="TestCalculator" name="testDivisionByZero" time="0"/>
  <testcase classname="TestCalculator" name="testMultiplicationPositives" time="0"/>
  <testcase classname="TestCalculator" name="testSubtractionNegatives" time="0.016"/>
  <testcase classname="TestCalculator" name="testDivisionPositives" time="0"/>
  <testcase classname="TestCalculator" name="testMultiplicationNegativePositive" time="0"/>
  <testcase classname="TestCalculator" name="testOverflowHandlingAddition" time="0"/>
  <testcase classname="TestCalculator" name="testSubtractionPositiveNegative" time="0"/>
  <testcase classname="TestCalculator" name="testSubtractionLargeNumbers" time="0"/>
  <testcase classname="TestCalculator" name="testMultiplicationNegatives" time="0"/>
  <testcase classname="TestCalculator" name="testDivisionNegatives" time="0"/>
</testsuite>